{"contracts\\AuctionHouse\\AuctionHouse.sol":{"l":{"89":3,"99":2,"100":1,"107":1,"115":0,"128":12,"129":9,"131":9,"133":9,"143":9,"146":9,"147":9,"149":9,"157":9,"160":9,"164":4,"165":4,"167":4,"172":3,"175":3,"176":3,"177":3,"179":3,"180":3,"182":3,"185":3,"198":3,"201":3,"203":3,"216":3,"218":3,"219":2,"225":1,"233":1,"234":1,"236":0,"239":0,"240":0,"241":0,"245":1,"246":1,"249":1},"path":"C:\\Users\\Alex\\Documents\\Travail\\Alyra\\NG-Marketplace\\backend\\contracts\\AuctionHouse\\AuctionHouse.sol","s":{"1":2,"2":1,"3":0,"4":12,"5":9,"6":9,"7":9,"8":9,"9":9,"10":9,"11":9,"12":4,"13":4,"14":4,"15":3,"16":3,"17":3,"18":3,"19":3,"20":3,"21":3,"22":3,"23":3,"24":2,"25":1,"26":1,"27":1,"28":0,"29":1,"30":1,"31":1},"b":{"1":[2,1],"2":[2,0],"3":[1,1],"4":[12,0],"5":[9,3],"6":[9,0],"7":[4,0],"8":[3,1],"9":[3,0],"10":[3,0],"11":[2,1],"12":[1,1],"13":[0,1]},"f":{"1":3,"2":2,"3":1,"4":0,"5":12,"6":4,"7":3},"fnMap":{"1":{"name":"constructor","line":88,"loc":{"start":{"line":88,"column":4},"end":{"line":90,"column":4}}},"2":{"name":"updatelistingFee","line":98,"loc":{"start":{"line":96,"column":4},"end":{"line":101,"column":4}}},"3":{"name":"getlistingFee","line":106,"loc":{"start":{"line":106,"column":4},"end":{"line":108,"column":4}}},"4":{"name":"getListedItems","line":114,"loc":{"start":{"line":114,"column":4},"end":{"line":116,"column":4}}},"5":{"name":"listItem","line":126,"loc":{"start":{"line":123,"column":4},"end":{"line":161,"column":4}}},"6":{"name":"executeSale","line":163,"loc":{"start":{"line":163,"column":4},"end":{"line":209,"column":4}}},"7":{"name":"cancelSale","line":215,"loc":{"start":{"line":215,"column":4},"end":{"line":250,"column":4}}}},"statementMap":{"1":{"start":{"line":99,"column":8},"end":{"line":99,"column":64}},"2":{"start":{"line":107,"column":8},"end":{"line":107,"column":25}},"3":{"start":{"line":115,"column":8},"end":{"line":115,"column":26}},"4":{"start":{"line":128,"column":8},"end":{"line":128,"column":71}},"5":{"start":{"line":129,"column":8},"end":{"line":129,"column":71}},"6":{"start":{"line":131,"column":8},"end":{"line":131,"column":60}},"7":{"start":{"line":133,"column":8},"end":{"line":133,"column":3888}},"8":{"start":{"line":147,"column":8},"end":{"line":147,"column":38}},"9":{"start":{"line":149,"column":8},"end":{"line":149,"column":4409}},"10":{"start":{"line":157,"column":8},"end":{"line":157,"column":35}},"11":{"start":{"line":160,"column":8},"end":{"line":160,"column":64}},"12":{"start":{"line":164,"column":8},"end":{"line":164,"column":59}},"13":{"start":{"line":165,"column":8},"end":{"line":165,"column":60}},"14":{"start":{"line":167,"column":8},"end":{"line":167,"column":4950}},"15":{"start":{"line":172,"column":8},"end":{"line":172,"column":68}},"16":{"start":{"line":175,"column":8},"end":{"line":175,"column":67}},"17":{"start":{"line":182,"column":8},"end":{"line":182,"column":34}},"18":{"start":{"line":185,"column":8},"end":{"line":185,"column":5526}},"19":{"start":{"line":198,"column":8},"end":{"line":198,"column":5929}},"20":{"start":{"line":201,"column":8},"end":{"line":201,"column":61}},"21":{"start":{"line":203,"column":8},"end":{"line":203,"column":6117}},"22":{"start":{"line":216,"column":8},"end":{"line":216,"column":68}},"23":{"start":{"line":218,"column":8},"end":{"line":218,"column":75}},"24":{"start":{"line":219,"column":8},"end":{"line":219,"column":6636}},"25":{"start":{"line":225,"column":8},"end":{"line":225,"column":6809}},"26":{"start":{"line":233,"column":8},"end":{"line":233,"column":60}},"27":{"start":{"line":234,"column":8},"end":{"line":234,"column":7070}},"28":{"start":{"line":236,"column":12},"end":{"line":236,"column":74}},"29":{"start":{"line":245,"column":8},"end":{"line":245,"column":24}},"30":{"start":{"line":246,"column":8},"end":{"line":246,"column":35}},"31":{"start":{"line":249,"column":8},"end":{"line":249,"column":34}}},"branchMap":{"1":{"line":98,"type":"if","locations":[{"start":{"line":98,"column":23},"end":{"line":98,"column":23}},{"start":{"line":98,"column":23},"end":{"line":98,"column":23}}]},"2":{"line":98,"type":"if","locations":[{"start":{"line":98,"column":33},"end":{"line":98,"column":33}},{"start":{"line":98,"column":33},"end":{"line":98,"column":33}}]},"3":{"line":99,"type":"if","locations":[{"start":{"line":99,"column":8},"end":{"line":99,"column":8}},{"start":{"line":99,"column":8},"end":{"line":99,"column":8}}]},"4":{"line":126,"type":"if","locations":[{"start":{"line":126,"column":23},"end":{"line":126,"column":23}},{"start":{"line":126,"column":23},"end":{"line":126,"column":23}}]},"5":{"line":128,"type":"if","locations":[{"start":{"line":128,"column":8},"end":{"line":128,"column":8}},{"start":{"line":128,"column":8},"end":{"line":128,"column":8}}]},"6":{"line":129,"type":"if","locations":[{"start":{"line":129,"column":8},"end":{"line":129,"column":8}},{"start":{"line":129,"column":8},"end":{"line":129,"column":8}}]},"7":{"line":163,"type":"if","locations":[{"start":{"line":163,"column":64},"end":{"line":163,"column":64}},{"start":{"line":163,"column":64},"end":{"line":163,"column":64}}]},"8":{"line":167,"type":"if","locations":[{"start":{"line":167,"column":8},"end":{"line":167,"column":8}},{"start":{"line":167,"column":8},"end":{"line":167,"column":8}}]},"9":{"line":172,"type":"if","locations":[{"start":{"line":172,"column":8},"end":{"line":172,"column":8}},{"start":{"line":172,"column":8},"end":{"line":172,"column":8}}]},"10":{"line":201,"type":"if","locations":[{"start":{"line":201,"column":8},"end":{"line":201,"column":8}},{"start":{"line":201,"column":8},"end":{"line":201,"column":8}}]},"11":{"line":218,"type":"if","locations":[{"start":{"line":218,"column":8},"end":{"line":218,"column":8}},{"start":{"line":218,"column":8},"end":{"line":218,"column":8}}]},"12":{"line":219,"type":"if","locations":[{"start":{"line":219,"column":8},"end":{"line":219,"column":8}},{"start":{"line":219,"column":8},"end":{"line":219,"column":8}}]},"13":{"line":234,"type":"if","locations":[{"start":{"line":234,"column":8},"end":{"line":234,"column":8}},{"start":{"line":234,"column":8},"end":{"line":234,"column":8}}]}}},"contracts\\Forge\\ForgeMaster.sol":{"l":{"55":13,"57":13,"58":13,"67":11,"72":11,"73":11,"78":0,"83":0,"84":0},"path":"C:\\Users\\Alex\\Documents\\Travail\\Alyra\\NG-Marketplace\\backend\\contracts\\Forge\\ForgeMaster.sol","s":{"1":11,"2":11,"3":11,"4":0,"5":0,"6":0},"b":{"1":[11,0],"2":[11,0],"3":[0,0],"4":[0,0]},"f":{"1":13,"2":11,"3":0},"fnMap":{"1":{"name":"createCollection","line":52,"loc":{"start":{"line":52,"column":4},"end":{"line":60,"column":4}}},"2":{"name":"forgeCollection","line":65,"loc":{"start":{"line":65,"column":4},"end":{"line":74,"column":4}}},"3":{"name":"forgeCollectionForSomeone","line":76,"loc":{"start":{"line":76,"column":4},"end":{"line":85,"column":4}}}},"statementMap":{"1":{"start":{"line":67,"column":8},"end":{"line":67,"column":2625}},"2":{"start":{"line":72,"column":8},"end":{"line":72,"column":43}},"3":{"start":{"line":73,"column":8},"end":{"line":73,"column":44}},"4":{"start":{"line":78,"column":8},"end":{"line":78,"column":3019}},"5":{"start":{"line":83,"column":8},"end":{"line":83,"column":42}},"6":{"start":{"line":84,"column":8},"end":{"line":84,"column":43}}},"branchMap":{"1":{"line":65,"type":"if","locations":[{"start":{"line":65,"column":40},"end":{"line":65,"column":40}},{"start":{"line":65,"column":40},"end":{"line":65,"column":40}}]},"2":{"line":67,"type":"if","locations":[{"start":{"line":67,"column":8},"end":{"line":67,"column":8}},{"start":{"line":67,"column":8},"end":{"line":67,"column":8}}]},"3":{"line":76,"type":"if","locations":[{"start":{"line":76,"column":67},"end":{"line":76,"column":67}},{"start":{"line":76,"column":67},"end":{"line":76,"column":67}}]},"4":{"line":78,"type":"if","locations":[{"start":{"line":78,"column":8},"end":{"line":78,"column":8}},{"start":{"line":78,"column":8},"end":{"line":78,"column":8}}]}}},"contracts\\Forge\\GuardianStuff.sol":{"l":{"26":18,"27":18,"30":18,"37":54,"39":54,"41":324,"42":1620,"47":1620,"48":324,"50":324,"52":324,"54":324,"56":324,"59":1620,"60":1620,"73":18,"80":29},"path":"C:\\Users\\Alex\\Documents\\Travail\\Alyra\\NG-Marketplace\\backend\\contracts\\Forge\\GuardianStuff.sol","s":{"1":18,"2":18,"3":18,"4":54,"5":54,"6":324,"7":1620,"8":1620,"9":1296,"10":972,"11":648,"12":324,"13":1620,"14":1620,"15":18,"16":29},"b":{"1":[324,1296],"2":[324,972],"3":[324,648],"4":[324,324],"5":[324,0]},"f":{"1":16,"2":18,"3":18,"4":29},"fnMap":{"1":{"name":"constructor","line":18,"loc":{"start":{"line":15,"column":4},"end":{"line":19,"column":5}}},"2":{"name":"forgeStuff","line":25,"loc":{"start":{"line":25,"column":4},"end":{"line":65,"column":4}}},"3":{"name":"forgeChests","line":71,"loc":{"start":{"line":71,"column":4},"end":{"line":74,"column":4}}},"4":{"name":"getItemIDs","line":79,"loc":{"start":{"line":79,"column":4},"end":{"line":81,"column":4}}}},"statementMap":{"1":{"start":{"line":26,"column":8},"end":{"line":26,"column":25}},"2":{"start":{"line":27,"column":8},"end":{"line":27,"column":22}},"3":{"start":{"line":30,"column":8},"end":{"line":30,"column":1013}},"4":{"start":{"line":37,"column":12},"end":{"line":37,"column":1250}},"5":{"start":{"line":39,"column":16},"end":{"line":39,"column":1400}},"6":{"start":{"line":41,"column":20},"end":{"line":41,"column":1542}},"7":{"start":{"line":42,"column":24},"end":{"line":42,"column":1629}},"8":{"start":{"line":47,"column":24},"end":{"line":47,"column":1800}},"9":{"start":{"line":49,"column":31},"end":{"line":49,"column":1898}},"10":{"start":{"line":51,"column":31},"end":{"line":51,"column":1996}},"11":{"start":{"line":53,"column":31},"end":{"line":53,"column":2094}},"12":{"start":{"line":55,"column":31},"end":{"line":55,"column":2192}},"13":{"start":{"line":59,"column":24},"end":{"line":59,"column":59}},"14":{"start":{"line":60,"column":24},"end":{"line":60,"column":44}},"15":{"start":{"line":73,"column":8},"end":{"line":73,"column":50}},"16":{"start":{"line":80,"column":8},"end":{"line":80,"column":23}}},"branchMap":{"1":{"line":47,"type":"if","locations":[{"start":{"line":47,"column":24},"end":{"line":47,"column":24}},{"start":{"line":47,"column":24},"end":{"line":47,"column":24}}]},"2":{"line":49,"type":"if","locations":[{"start":{"line":49,"column":31},"end":{"line":49,"column":31}},{"start":{"line":49,"column":31},"end":{"line":49,"column":31}}]},"3":{"line":51,"type":"if","locations":[{"start":{"line":51,"column":31},"end":{"line":51,"column":31}},{"start":{"line":51,"column":31},"end":{"line":51,"column":31}}]},"4":{"line":53,"type":"if","locations":[{"start":{"line":53,"column":31},"end":{"line":53,"column":31}},{"start":{"line":53,"column":31},"end":{"line":53,"column":31}}]},"5":{"line":55,"type":"if","locations":[{"start":{"line":55,"column":31},"end":{"line":55,"column":31}},{"start":{"line":55,"column":31},"end":{"line":55,"column":31}}]}}},"contracts\\Token\\GuardianToken.sol":{"l":{"13":12},"path":"C:\\Users\\Alex\\Documents\\Travail\\Alyra\\NG-Marketplace\\backend\\contracts\\Token\\GuardianToken.sol","s":{"1":12},"b":{"1":[12,1]},"f":{"1":9,"2":12},"fnMap":{"1":{"name":"constructor","line":10,"loc":{"start":{"line":10,"column":4},"end":{"line":10,"column":45}}},"2":{"name":"mint","line":12,"loc":{"start":{"line":12,"column":4},"end":{"line":14,"column":4}}}},"statementMap":{"1":{"start":{"line":13,"column":8},"end":{"line":13,"column":26}}},"branchMap":{"1":{"line":12,"type":"if","locations":[{"start":{"line":12,"column":41},"end":{"line":12,"column":41}},{"start":{"line":12,"column":41},"end":{"line":12,"column":41}}]}}},"contracts\\TreasureGuardian.sol":{"l":{"37":6,"41":2,"47":0,"54":10,"55":10,"56":10,"74":11,"86":6,"91":6,"99":5,"101":5,"105":5,"110":5,"116":4,"136":1,"145":0,"146":0,"147":0,"148":0,"149":0,"158":3,"160":3,"164":2,"165":2,"168":2,"169":10,"171":10,"175":10,"176":10,"178":10,"187":0,"188":0,"193":2,"201":2,"203":2,"213":10,"214":10,"215":10,"216":6,"221":2,"226":2,"235":0,"248":0,"251":10,"252":10,"253":10,"254":4,"256":4,"258":2,"261":10,"271":10,"272":10,"273":10,"274":2,"276":2,"278":2,"280":2,"282":0,"284":2,"287":10,"288":10,"298":30,"299":30},"path":"C:\\Users\\Alex\\Documents\\Travail\\Alyra\\NG-Marketplace\\backend\\contracts\\TreasureGuardian.sol","s":{"1":10,"2":10,"3":11,"4":6,"5":6,"6":5,"7":5,"8":5,"9":5,"10":4,"11":1,"12":3,"13":3,"14":2,"15":2,"16":2,"17":10,"18":10,"19":10,"20":10,"21":2,"22":2,"23":2,"24":10,"25":10,"26":10,"27":4,"28":2,"29":0,"30":0,"31":10,"32":10,"33":6,"34":2,"35":10,"36":10,"37":10,"38":8,"39":6,"40":4,"41":2,"42":2,"43":10,"44":10,"45":30},"b":{"1":[2,0],"2":[0,0],"3":[10,1],"4":[11,0],"5":[6,0],"6":[6,0],"7":[5,0],"8":[5,0],"9":[1,0],"10":[0,1],"11":[2,1],"12":[10,0],"13":[6,4],"14":[2,2],"15":[2,0],"16":[0,0],"17":[0,0],"18":[4,6],"19":[4,2],"20":[2,0],"21":[2,8],"22":[2,6],"23":[2,4],"24":[2,2],"25":[0,2],"26":[2,0]},"f":{"1":6,"2":2,"3":0,"4":10,"5":11,"6":6,"7":5,"8":1,"9":3,"10":10,"11":30},"fnMap":{"1":{"name":"constructor","line":36,"loc":{"start":{"line":36,"column":4},"end":{"line":38,"column":4}}},"2":{"name":"initialize","line":40,"loc":{"start":{"line":40,"column":4},"end":{"line":42,"column":4}}},"3":{"name":"initializeGuardianStuff","line":46,"loc":{"start":{"line":44,"column":4},"end":{"line":48,"column":4}}},"4":{"name":"createCollection","line":53,"loc":{"start":{"line":53,"column":4},"end":{"line":57,"column":4}}},"5":{"name":"safeTransferFrom","line":73,"loc":{"start":{"line":67,"column":4},"end":{"line":75,"column":4}}},"6":{"name":"rewardGuardianWithToken","line":85,"loc":{"start":{"line":82,"column":4},"end":{"line":92,"column":4}}},"7":{"name":"buyChest","line":98,"loc":{"start":{"line":98,"column":4},"end":{"line":123,"column":4}}},"8":{"name":"modifyDropRate","line":135,"loc":{"start":{"line":129,"column":4},"end":{"line":150,"column":4}}},"9":{"name":"openChest","line":157,"loc":{"start":{"line":157,"column":4},"end":{"line":204,"column":4}}},"10":{"name":"_generateItemID","line":211,"loc":{"start":{"line":211,"column":4},"end":{"line":289,"column":4}}},"11":{"name":"_random","line":297,"loc":{"start":{"line":297,"column":4},"end":{"line":303,"column":4}}}},"statementMap":{"1":{"start":{"line":54,"column":8},"end":{"line":54,"column":66}},"2":{"start":{"line":55,"column":8},"end":{"line":55,"column":32}},"3":{"start":{"line":74,"column":8},"end":{"line":74,"column":65}},"4":{"start":{"line":86,"column":8},"end":{"line":86,"column":2805}},"5":{"start":{"line":91,"column":8},"end":{"line":91,"column":54}},"6":{"start":{"line":99,"column":8},"end":{"line":99,"column":55}},"7":{"start":{"line":101,"column":8},"end":{"line":101,"column":3297}},"8":{"start":{"line":105,"column":8},"end":{"line":105,"column":3467}},"9":{"start":{"line":110,"column":8},"end":{"line":110,"column":3632}},"10":{"start":{"line":116,"column":8},"end":{"line":116,"column":3769}},"11":{"start":{"line":136,"column":8},"end":{"line":136,"column":4281}},"12":{"start":{"line":158,"column":8},"end":{"line":158,"column":55}},"13":{"start":{"line":160,"column":8},"end":{"line":160,"column":5107}},"14":{"start":{"line":164,"column":8},"end":{"line":164,"column":63}},"15":{"start":{"line":165,"column":8},"end":{"line":165,"column":70}},"16":{"start":{"line":168,"column":8},"end":{"line":168,"column":5508}},"17":{"start":{"line":169,"column":12},"end":{"line":169,"column":46}},"18":{"start":{"line":171,"column":12},"end":{"line":171,"column":5620}},"19":{"start":{"line":175,"column":12},"end":{"line":175,"column":5754}},"20":{"start":{"line":178,"column":16},"end":{"line":178,"column":5841}},"21":{"start":{"line":193,"column":8},"end":{"line":193,"column":6317}},"22":{"start":{"line":201,"column":8},"end":{"line":201,"column":69}},"23":{"start":{"line":203,"column":8},"end":{"line":203,"column":22}},"24":{"start":{"line":213,"column":8},"end":{"line":213,"column":34}},"25":{"start":{"line":214,"column":8},"end":{"line":214,"column":20}},"26":{"start":{"line":215,"column":8},"end":{"line":215,"column":6994}},"27":{"start":{"line":217,"column":15},"end":{"line":217,"column":7067}},"28":{"start":{"line":222,"column":15},"end":{"line":222,"column":7228}},"29":{"start":{"line":227,"column":15},"end":{"line":227,"column":7427}},"30":{"start":{"line":236,"column":15},"end":{"line":236,"column":7722}},"31":{"start":{"line":252,"column":8},"end":{"line":252,"column":23}},"32":{"start":{"line":253,"column":8},"end":{"line":253,"column":8163}},"33":{"start":{"line":255,"column":15},"end":{"line":255,"column":8222}},"34":{"start":{"line":257,"column":15},"end":{"line":257,"column":8297}},"35":{"start":{"line":261,"column":8},"end":{"line":261,"column":21}},"36":{"start":{"line":271,"column":8},"end":{"line":271,"column":22}},"37":{"start":{"line":273,"column":8},"end":{"line":273,"column":8691}},"38":{"start":{"line":275,"column":15},"end":{"line":275,"column":8749}},"39":{"start":{"line":277,"column":15},"end":{"line":277,"column":8823}},"40":{"start":{"line":279,"column":15},"end":{"line":279,"column":8897}},"41":{"start":{"line":281,"column":15},"end":{"line":281,"column":8971}},"42":{"start":{"line":283,"column":15},"end":{"line":283,"column":9045}},"43":{"start":{"line":287,"column":8},"end":{"line":287,"column":75}},"44":{"start":{"line":288,"column":8},"end":{"line":288,"column":21}},"45":{"start":{"line":299,"column":8},"end":{"line":299,"column":9484}}},"branchMap":{"1":{"line":40,"type":"if","locations":[{"start":{"line":40,"column":60},"end":{"line":40,"column":60}},{"start":{"line":40,"column":60},"end":{"line":40,"column":60}}]},"2":{"line":46,"type":"if","locations":[{"start":{"line":46,"column":15},"end":{"line":46,"column":15}},{"start":{"line":46,"column":15},"end":{"line":46,"column":15}}]},"3":{"line":53,"type":"if","locations":[{"start":{"line":53,"column":41},"end":{"line":53,"column":41}},{"start":{"line":53,"column":41},"end":{"line":53,"column":41}}]},"4":{"line":73,"type":"if","locations":[{"start":{"line":73,"column":15},"end":{"line":73,"column":15}},{"start":{"line":73,"column":15},"end":{"line":73,"column":15}}]},"5":{"line":85,"type":"if","locations":[{"start":{"line":85,"column":15},"end":{"line":85,"column":15}},{"start":{"line":85,"column":15},"end":{"line":85,"column":15}}]},"6":{"line":86,"type":"if","locations":[{"start":{"line":86,"column":8},"end":{"line":86,"column":8}},{"start":{"line":86,"column":8},"end":{"line":86,"column":8}}]},"7":{"line":101,"type":"if","locations":[{"start":{"line":101,"column":8},"end":{"line":101,"column":8}},{"start":{"line":101,"column":8},"end":{"line":101,"column":8}}]},"8":{"line":105,"type":"if","locations":[{"start":{"line":105,"column":8},"end":{"line":105,"column":8}},{"start":{"line":105,"column":8},"end":{"line":105,"column":8}}]},"9":{"line":135,"type":"if","locations":[{"start":{"line":135,"column":15},"end":{"line":135,"column":15}},{"start":{"line":135,"column":15},"end":{"line":135,"column":15}}]},"10":{"line":136,"type":"if","locations":[{"start":{"line":136,"column":8},"end":{"line":136,"column":8}},{"start":{"line":136,"column":8},"end":{"line":136,"column":8}}]},"11":{"line":160,"type":"if","locations":[{"start":{"line":160,"column":8},"end":{"line":160,"column":8}},{"start":{"line":160,"column":8},"end":{"line":160,"column":8}}]},"12":{"line":175,"type":"if","locations":[{"start":{"line":175,"column":12},"end":{"line":175,"column":12}},{"start":{"line":175,"column":12},"end":{"line":175,"column":12}}]},"13":{"line":215,"type":"if","locations":[{"start":{"line":215,"column":8},"end":{"line":215,"column":8}},{"start":{"line":215,"column":8},"end":{"line":215,"column":8}}]},"14":{"line":217,"type":"if","locations":[{"start":{"line":217,"column":15},"end":{"line":217,"column":15}},{"start":{"line":217,"column":15},"end":{"line":217,"column":15}}]},"15":{"line":222,"type":"if","locations":[{"start":{"line":222,"column":15},"end":{"line":222,"column":15}},{"start":{"line":222,"column":15},"end":{"line":222,"column":15}}]},"16":{"line":227,"type":"if","locations":[{"start":{"line":227,"column":15},"end":{"line":227,"column":15}},{"start":{"line":227,"column":15},"end":{"line":227,"column":15}}]},"17":{"line":236,"type":"if","locations":[{"start":{"line":236,"column":15},"end":{"line":236,"column":15}},{"start":{"line":236,"column":15},"end":{"line":236,"column":15}}]},"18":{"line":253,"type":"if","locations":[{"start":{"line":253,"column":8},"end":{"line":253,"column":8}},{"start":{"line":253,"column":8},"end":{"line":253,"column":8}}]},"19":{"line":255,"type":"if","locations":[{"start":{"line":255,"column":15},"end":{"line":255,"column":15}},{"start":{"line":255,"column":15},"end":{"line":255,"column":15}}]},"20":{"line":257,"type":"if","locations":[{"start":{"line":257,"column":15},"end":{"line":257,"column":15}},{"start":{"line":257,"column":15},"end":{"line":257,"column":15}}]},"21":{"line":273,"type":"if","locations":[{"start":{"line":273,"column":8},"end":{"line":273,"column":8}},{"start":{"line":273,"column":8},"end":{"line":273,"column":8}}]},"22":{"line":275,"type":"if","locations":[{"start":{"line":275,"column":15},"end":{"line":275,"column":15}},{"start":{"line":275,"column":15},"end":{"line":275,"column":15}}]},"23":{"line":277,"type":"if","locations":[{"start":{"line":277,"column":15},"end":{"line":277,"column":15}},{"start":{"line":277,"column":15},"end":{"line":277,"column":15}}]},"24":{"line":279,"type":"if","locations":[{"start":{"line":279,"column":15},"end":{"line":279,"column":15}},{"start":{"line":279,"column":15},"end":{"line":279,"column":15}}]},"25":{"line":281,"type":"if","locations":[{"start":{"line":281,"column":15},"end":{"line":281,"column":15}},{"start":{"line":281,"column":15},"end":{"line":281,"column":15}}]},"26":{"line":283,"type":"if","locations":[{"start":{"line":283,"column":15},"end":{"line":283,"column":15}},{"start":{"line":283,"column":15},"end":{"line":283,"column":15}}]}}}}