{"contracts\\AuctionHouse\\AuctionHouse.sol":{"l":{"89":3,"99":2,"100":1,"107":1,"115":0,"128":12,"129":9,"131":9,"133":9,"143":9,"146":9,"147":9,"149":9,"157":9,"160":9,"164":4,"165":4,"167":4,"172":3,"175":3,"176":3,"177":3,"179":3,"180":3,"182":3,"185":3,"198":3,"201":3,"203":3,"216":3,"218":3,"219":2,"225":1,"233":1,"234":1,"236":0,"239":0,"240":0,"241":0,"245":1,"246":1,"249":1},"path":"C:\\Users\\Alex\\Documents\\Travail\\Alyra\\NG-Marketplace\\backend\\contracts\\AuctionHouse\\AuctionHouse.sol","s":{"1":2,"2":1,"3":0,"4":12,"5":9,"6":9,"7":9,"8":9,"9":9,"10":9,"11":9,"12":4,"13":4,"14":4,"15":3,"16":3,"17":3,"18":3,"19":3,"20":3,"21":3,"22":3,"23":3,"24":2,"25":1,"26":1,"27":1,"28":0,"29":1,"30":1,"31":1},"b":{"1":[2,1],"2":[2,0],"3":[1,1],"4":[12,0],"5":[9,3],"6":[9,0],"7":[4,0],"8":[3,1],"9":[3,0],"10":[3,0],"11":[2,1],"12":[1,1],"13":[0,1]},"f":{"1":3,"2":2,"3":1,"4":0,"5":12,"6":4,"7":3},"fnMap":{"1":{"name":"constructor","line":88,"loc":{"start":{"line":88,"column":4},"end":{"line":90,"column":4}}},"2":{"name":"updatelistingFee","line":98,"loc":{"start":{"line":96,"column":4},"end":{"line":101,"column":4}}},"3":{"name":"getlistingFee","line":106,"loc":{"start":{"line":106,"column":4},"end":{"line":108,"column":4}}},"4":{"name":"getListedItems","line":114,"loc":{"start":{"line":114,"column":4},"end":{"line":116,"column":4}}},"5":{"name":"listItem","line":126,"loc":{"start":{"line":123,"column":4},"end":{"line":161,"column":4}}},"6":{"name":"executeSale","line":163,"loc":{"start":{"line":163,"column":4},"end":{"line":209,"column":4}}},"7":{"name":"cancelSale","line":215,"loc":{"start":{"line":215,"column":4},"end":{"line":250,"column":4}}}},"statementMap":{"1":{"start":{"line":99,"column":8},"end":{"line":99,"column":64}},"2":{"start":{"line":107,"column":8},"end":{"line":107,"column":25}},"3":{"start":{"line":115,"column":8},"end":{"line":115,"column":26}},"4":{"start":{"line":128,"column":8},"end":{"line":128,"column":71}},"5":{"start":{"line":129,"column":8},"end":{"line":129,"column":71}},"6":{"start":{"line":131,"column":8},"end":{"line":131,"column":60}},"7":{"start":{"line":133,"column":8},"end":{"line":133,"column":3888}},"8":{"start":{"line":147,"column":8},"end":{"line":147,"column":38}},"9":{"start":{"line":149,"column":8},"end":{"line":149,"column":4409}},"10":{"start":{"line":157,"column":8},"end":{"line":157,"column":35}},"11":{"start":{"line":160,"column":8},"end":{"line":160,"column":64}},"12":{"start":{"line":164,"column":8},"end":{"line":164,"column":59}},"13":{"start":{"line":165,"column":8},"end":{"line":165,"column":60}},"14":{"start":{"line":167,"column":8},"end":{"line":167,"column":4950}},"15":{"start":{"line":172,"column":8},"end":{"line":172,"column":68}},"16":{"start":{"line":175,"column":8},"end":{"line":175,"column":67}},"17":{"start":{"line":182,"column":8},"end":{"line":182,"column":34}},"18":{"start":{"line":185,"column":8},"end":{"line":185,"column":5526}},"19":{"start":{"line":198,"column":8},"end":{"line":198,"column":5929}},"20":{"start":{"line":201,"column":8},"end":{"line":201,"column":61}},"21":{"start":{"line":203,"column":8},"end":{"line":203,"column":6117}},"22":{"start":{"line":216,"column":8},"end":{"line":216,"column":68}},"23":{"start":{"line":218,"column":8},"end":{"line":218,"column":75}},"24":{"start":{"line":219,"column":8},"end":{"line":219,"column":6636}},"25":{"start":{"line":225,"column":8},"end":{"line":225,"column":6809}},"26":{"start":{"line":233,"column":8},"end":{"line":233,"column":60}},"27":{"start":{"line":234,"column":8},"end":{"line":234,"column":7070}},"28":{"start":{"line":236,"column":12},"end":{"line":236,"column":74}},"29":{"start":{"line":245,"column":8},"end":{"line":245,"column":24}},"30":{"start":{"line":246,"column":8},"end":{"line":246,"column":35}},"31":{"start":{"line":249,"column":8},"end":{"line":249,"column":34}}},"branchMap":{"1":{"line":98,"type":"if","locations":[{"start":{"line":98,"column":23},"end":{"line":98,"column":23}},{"start":{"line":98,"column":23},"end":{"line":98,"column":23}}]},"2":{"line":98,"type":"if","locations":[{"start":{"line":98,"column":33},"end":{"line":98,"column":33}},{"start":{"line":98,"column":33},"end":{"line":98,"column":33}}]},"3":{"line":99,"type":"if","locations":[{"start":{"line":99,"column":8},"end":{"line":99,"column":8}},{"start":{"line":99,"column":8},"end":{"line":99,"column":8}}]},"4":{"line":126,"type":"if","locations":[{"start":{"line":126,"column":23},"end":{"line":126,"column":23}},{"start":{"line":126,"column":23},"end":{"line":126,"column":23}}]},"5":{"line":128,"type":"if","locations":[{"start":{"line":128,"column":8},"end":{"line":128,"column":8}},{"start":{"line":128,"column":8},"end":{"line":128,"column":8}}]},"6":{"line":129,"type":"if","locations":[{"start":{"line":129,"column":8},"end":{"line":129,"column":8}},{"start":{"line":129,"column":8},"end":{"line":129,"column":8}}]},"7":{"line":163,"type":"if","locations":[{"start":{"line":163,"column":64},"end":{"line":163,"column":64}},{"start":{"line":163,"column":64},"end":{"line":163,"column":64}}]},"8":{"line":167,"type":"if","locations":[{"start":{"line":167,"column":8},"end":{"line":167,"column":8}},{"start":{"line":167,"column":8},"end":{"line":167,"column":8}}]},"9":{"line":172,"type":"if","locations":[{"start":{"line":172,"column":8},"end":{"line":172,"column":8}},{"start":{"line":172,"column":8},"end":{"line":172,"column":8}}]},"10":{"line":201,"type":"if","locations":[{"start":{"line":201,"column":8},"end":{"line":201,"column":8}},{"start":{"line":201,"column":8},"end":{"line":201,"column":8}}]},"11":{"line":218,"type":"if","locations":[{"start":{"line":218,"column":8},"end":{"line":218,"column":8}},{"start":{"line":218,"column":8},"end":{"line":218,"column":8}}]},"12":{"line":219,"type":"if","locations":[{"start":{"line":219,"column":8},"end":{"line":219,"column":8}},{"start":{"line":219,"column":8},"end":{"line":219,"column":8}}]},"13":{"line":234,"type":"if","locations":[{"start":{"line":234,"column":8},"end":{"line":234,"column":8}},{"start":{"line":234,"column":8},"end":{"line":234,"column":8}}]}}},"contracts\\Forge\\ForgeMaster.sol":{"l":{"23":5,"25":5,"26":5,"39":5,"40":5,"41":5,"48":3,"53":3,"54":3,"55":3},"path":"C:\\Users\\Alex\\Documents\\Travail\\Alyra\\NG-Marketplace\\backend\\contracts\\Forge\\ForgeMaster.sol","s":{"1":5,"2":5,"3":5,"4":3,"5":3,"6":3,"7":3},"b":{"1":[3,0],"2":[3,0]},"f":{"1":5,"2":3},"fnMap":{"1":{"name":"createCollection","line":19,"loc":{"start":{"line":19,"column":4},"end":{"line":42,"column":4}}},"2":{"name":"forgeCollection","line":47,"loc":{"start":{"line":47,"column":4},"end":{"line":56,"column":4}}}},"statementMap":{"1":{"start":{"line":23,"column":8},"end":{"line":23,"column":74}},"2":{"start":{"line":25,"column":8},"end":{"line":25,"column":69}},"3":{"start":{"line":41,"column":8},"end":{"line":41,"column":37}},"4":{"start":{"line":48,"column":8},"end":{"line":48,"column":1834}},"5":{"start":{"line":53,"column":8},"end":{"line":53,"column":70}},"6":{"start":{"line":54,"column":8},"end":{"line":54,"column":42}},"7":{"start":{"line":55,"column":8},"end":{"line":55,"column":43}}},"branchMap":{"1":{"line":47,"type":"if","locations":[{"start":{"line":47,"column":57},"end":{"line":47,"column":57}},{"start":{"line":47,"column":57},"end":{"line":47,"column":57}}]},"2":{"line":48,"type":"if","locations":[{"start":{"line":48,"column":8},"end":{"line":48,"column":8}},{"start":{"line":48,"column":8},"end":{"line":48,"column":8}}]}}},"contracts\\Forge\\GuardianStuff.sol":{"l":{"26":10,"27":10,"30":10,"37":30,"39":30,"41":180,"42":900,"47":900,"48":180,"50":180,"52":180,"54":180,"56":180,"59":900,"60":900,"73":10,"80":28},"path":"C:\\Users\\Alex\\Documents\\Travail\\Alyra\\NG-Marketplace\\backend\\contracts\\Forge\\GuardianStuff.sol","s":{"1":10,"2":10,"3":10,"4":30,"5":30,"6":180,"7":900,"8":900,"9":720,"10":540,"11":360,"12":180,"13":900,"14":900,"15":10,"16":28},"b":{"1":[180,720],"2":[180,540],"3":[180,360],"4":[180,180],"5":[180,0]},"f":{"1":8,"2":10,"3":10,"4":28},"fnMap":{"1":{"name":"constructor","line":18,"loc":{"start":{"line":15,"column":4},"end":{"line":19,"column":5}}},"2":{"name":"forgeStuff","line":25,"loc":{"start":{"line":25,"column":4},"end":{"line":65,"column":4}}},"3":{"name":"forgeChests","line":71,"loc":{"start":{"line":71,"column":4},"end":{"line":74,"column":4}}},"4":{"name":"getItemIDs","line":79,"loc":{"start":{"line":79,"column":4},"end":{"line":81,"column":4}}}},"statementMap":{"1":{"start":{"line":26,"column":8},"end":{"line":26,"column":25}},"2":{"start":{"line":27,"column":8},"end":{"line":27,"column":22}},"3":{"start":{"line":30,"column":8},"end":{"line":30,"column":1013}},"4":{"start":{"line":37,"column":12},"end":{"line":37,"column":1250}},"5":{"start":{"line":39,"column":16},"end":{"line":39,"column":1400}},"6":{"start":{"line":41,"column":20},"end":{"line":41,"column":1542}},"7":{"start":{"line":42,"column":24},"end":{"line":42,"column":1629}},"8":{"start":{"line":47,"column":24},"end":{"line":47,"column":1800}},"9":{"start":{"line":49,"column":31},"end":{"line":49,"column":1898}},"10":{"start":{"line":51,"column":31},"end":{"line":51,"column":1996}},"11":{"start":{"line":53,"column":31},"end":{"line":53,"column":2094}},"12":{"start":{"line":55,"column":31},"end":{"line":55,"column":2192}},"13":{"start":{"line":59,"column":24},"end":{"line":59,"column":59}},"14":{"start":{"line":60,"column":24},"end":{"line":60,"column":44}},"15":{"start":{"line":73,"column":8},"end":{"line":73,"column":50}},"16":{"start":{"line":80,"column":8},"end":{"line":80,"column":23}}},"branchMap":{"1":{"line":47,"type":"if","locations":[{"start":{"line":47,"column":24},"end":{"line":47,"column":24}},{"start":{"line":47,"column":24},"end":{"line":47,"column":24}}]},"2":{"line":49,"type":"if","locations":[{"start":{"line":49,"column":31},"end":{"line":49,"column":31}},{"start":{"line":49,"column":31},"end":{"line":49,"column":31}}]},"3":{"line":51,"type":"if","locations":[{"start":{"line":51,"column":31},"end":{"line":51,"column":31}},{"start":{"line":51,"column":31},"end":{"line":51,"column":31}}]},"4":{"line":53,"type":"if","locations":[{"start":{"line":53,"column":31},"end":{"line":53,"column":31}},{"start":{"line":53,"column":31},"end":{"line":53,"column":31}}]},"5":{"line":55,"type":"if","locations":[{"start":{"line":55,"column":31},"end":{"line":55,"column":31}},{"start":{"line":55,"column":31},"end":{"line":55,"column":31}}]}}},"contracts\\Token\\GuardianToken.sol":{"l":{"13":12},"path":"C:\\Users\\Alex\\Documents\\Travail\\Alyra\\NG-Marketplace\\backend\\contracts\\Token\\GuardianToken.sol","s":{"1":12},"b":{"1":[12,1]},"f":{"1":9,"2":12},"fnMap":{"1":{"name":"constructor","line":10,"loc":{"start":{"line":10,"column":4},"end":{"line":10,"column":45}}},"2":{"name":"mint","line":12,"loc":{"start":{"line":12,"column":4},"end":{"line":14,"column":4}}}},"statementMap":{"1":{"start":{"line":13,"column":8},"end":{"line":13,"column":26}}},"branchMap":{"1":{"line":12,"type":"if","locations":[{"start":{"line":12,"column":41},"end":{"line":12,"column":41}},{"start":{"line":12,"column":41},"end":{"line":12,"column":41}}]}}},"contracts\\TreasureGuardian.sol":{"l":{"43":2,"44":2,"62":11,"74":6,"79":6,"87":5,"89":5,"93":5,"98":5,"104":4,"124":1,"133":0,"134":0,"135":0,"136":0,"137":0,"146":3,"148":3,"152":2,"153":2,"156":2,"157":10,"159":10,"163":10,"164":10,"166":10,"175":0,"176":0,"181":2,"189":2,"191":2,"201":10,"202":10,"203":10,"204":4,"209":4,"214":2,"223":0,"236":0,"239":10,"240":10,"241":10,"242":4,"244":2,"246":4,"249":10,"259":10,"260":10,"261":10,"262":0,"264":2,"266":0,"268":6,"270":0,"272":2,"275":10,"276":10,"286":30,"287":30},"path":"C:\\Users\\Alex\\Documents\\Travail\\Alyra\\NG-Marketplace\\backend\\contracts\\TreasureGuardian.sol","s":{"1":11,"2":6,"3":6,"4":5,"5":5,"6":5,"7":5,"8":4,"9":1,"10":3,"11":3,"12":2,"13":2,"14":2,"15":10,"16":10,"17":10,"18":10,"19":2,"20":2,"21":2,"22":10,"23":10,"24":10,"25":6,"26":2,"27":0,"28":0,"29":10,"30":10,"31":6,"32":4,"33":10,"34":10,"35":10,"36":10,"37":8,"38":8,"39":2,"40":2,"41":10,"42":10,"43":30},"b":{"1":[2,0],"2":[11,0],"3":[6,0],"4":[6,0],"5":[5,0],"6":[5,0],"7":[1,0],"8":[0,1],"9":[2,1],"10":[10,0],"11":[4,6],"12":[4,2],"13":[2,0],"14":[0,0],"15":[0,0],"16":[4,6],"17":[2,4],"18":[4,0],"19":[0,10],"20":[2,8],"21":[0,8],"22":[6,2],"23":[0,2],"24":[2,0]},"f":{"1":6,"2":2,"3":11,"4":6,"5":5,"6":1,"7":3,"8":10,"9":30},"fnMap":{"1":{"name":"constructor","line":32,"loc":{"start":{"line":32,"column":4},"end":{"line":32,"column":19}}},"2":{"name":"initialize","line":42,"loc":{"start":{"line":39,"column":4},"end":{"line":45,"column":4}}},"3":{"name":"safeTransferFrom","line":61,"loc":{"start":{"line":55,"column":4},"end":{"line":63,"column":4}}},"4":{"name":"rewardGuardianWithToken","line":73,"loc":{"start":{"line":70,"column":4},"end":{"line":80,"column":4}}},"5":{"name":"buyChest","line":86,"loc":{"start":{"line":86,"column":4},"end":{"line":111,"column":4}}},"6":{"name":"modifyDropRate","line":123,"loc":{"start":{"line":117,"column":4},"end":{"line":138,"column":4}}},"7":{"name":"openChest","line":145,"loc":{"start":{"line":145,"column":4},"end":{"line":192,"column":4}}},"8":{"name":"_generateItemID","line":199,"loc":{"start":{"line":199,"column":4},"end":{"line":277,"column":4}}},"9":{"name":"_random","line":285,"loc":{"start":{"line":285,"column":4},"end":{"line":291,"column":4}}}},"statementMap":{"1":{"start":{"line":62,"column":8},"end":{"line":62,"column":65}},"2":{"start":{"line":74,"column":8},"end":{"line":74,"column":2502}},"3":{"start":{"line":79,"column":8},"end":{"line":79,"column":54}},"4":{"start":{"line":87,"column":8},"end":{"line":87,"column":55}},"5":{"start":{"line":89,"column":8},"end":{"line":89,"column":2994}},"6":{"start":{"line":93,"column":8},"end":{"line":93,"column":3164}},"7":{"start":{"line":98,"column":8},"end":{"line":98,"column":3329}},"8":{"start":{"line":104,"column":8},"end":{"line":104,"column":3466}},"9":{"start":{"line":124,"column":8},"end":{"line":124,"column":3978}},"10":{"start":{"line":146,"column":8},"end":{"line":146,"column":55}},"11":{"start":{"line":148,"column":8},"end":{"line":148,"column":4804}},"12":{"start":{"line":152,"column":8},"end":{"line":152,"column":63}},"13":{"start":{"line":153,"column":8},"end":{"line":153,"column":70}},"14":{"start":{"line":156,"column":8},"end":{"line":156,"column":5205}},"15":{"start":{"line":157,"column":12},"end":{"line":157,"column":46}},"16":{"start":{"line":159,"column":12},"end":{"line":159,"column":5317}},"17":{"start":{"line":163,"column":12},"end":{"line":163,"column":5451}},"18":{"start":{"line":166,"column":16},"end":{"line":166,"column":5538}},"19":{"start":{"line":181,"column":8},"end":{"line":181,"column":6014}},"20":{"start":{"line":189,"column":8},"end":{"line":189,"column":69}},"21":{"start":{"line":191,"column":8},"end":{"line":191,"column":22}},"22":{"start":{"line":201,"column":8},"end":{"line":201,"column":34}},"23":{"start":{"line":202,"column":8},"end":{"line":202,"column":20}},"24":{"start":{"line":203,"column":8},"end":{"line":203,"column":6691}},"25":{"start":{"line":205,"column":15},"end":{"line":205,"column":6764}},"26":{"start":{"line":210,"column":15},"end":{"line":210,"column":6925}},"27":{"start":{"line":215,"column":15},"end":{"line":215,"column":7124}},"28":{"start":{"line":224,"column":15},"end":{"line":224,"column":7419}},"29":{"start":{"line":240,"column":8},"end":{"line":240,"column":23}},"30":{"start":{"line":241,"column":8},"end":{"line":241,"column":7860}},"31":{"start":{"line":243,"column":15},"end":{"line":243,"column":7919}},"32":{"start":{"line":245,"column":15},"end":{"line":245,"column":7994}},"33":{"start":{"line":249,"column":8},"end":{"line":249,"column":21}},"34":{"start":{"line":259,"column":8},"end":{"line":259,"column":22}},"35":{"start":{"line":261,"column":8},"end":{"line":261,"column":8388}},"36":{"start":{"line":263,"column":15},"end":{"line":263,"column":8446}},"37":{"start":{"line":265,"column":15},"end":{"line":265,"column":8520}},"38":{"start":{"line":267,"column":15},"end":{"line":267,"column":8594}},"39":{"start":{"line":269,"column":15},"end":{"line":269,"column":8668}},"40":{"start":{"line":271,"column":15},"end":{"line":271,"column":8742}},"41":{"start":{"line":275,"column":8},"end":{"line":275,"column":75}},"42":{"start":{"line":276,"column":8},"end":{"line":276,"column":21}},"43":{"start":{"line":287,"column":8},"end":{"line":287,"column":9181}}},"branchMap":{"1":{"line":42,"type":"if","locations":[{"start":{"line":42,"column":15},"end":{"line":42,"column":15}},{"start":{"line":42,"column":15},"end":{"line":42,"column":15}}]},"2":{"line":61,"type":"if","locations":[{"start":{"line":61,"column":15},"end":{"line":61,"column":15}},{"start":{"line":61,"column":15},"end":{"line":61,"column":15}}]},"3":{"line":73,"type":"if","locations":[{"start":{"line":73,"column":15},"end":{"line":73,"column":15}},{"start":{"line":73,"column":15},"end":{"line":73,"column":15}}]},"4":{"line":74,"type":"if","locations":[{"start":{"line":74,"column":8},"end":{"line":74,"column":8}},{"start":{"line":74,"column":8},"end":{"line":74,"column":8}}]},"5":{"line":89,"type":"if","locations":[{"start":{"line":89,"column":8},"end":{"line":89,"column":8}},{"start":{"line":89,"column":8},"end":{"line":89,"column":8}}]},"6":{"line":93,"type":"if","locations":[{"start":{"line":93,"column":8},"end":{"line":93,"column":8}},{"start":{"line":93,"column":8},"end":{"line":93,"column":8}}]},"7":{"line":123,"type":"if","locations":[{"start":{"line":123,"column":15},"end":{"line":123,"column":15}},{"start":{"line":123,"column":15},"end":{"line":123,"column":15}}]},"8":{"line":124,"type":"if","locations":[{"start":{"line":124,"column":8},"end":{"line":124,"column":8}},{"start":{"line":124,"column":8},"end":{"line":124,"column":8}}]},"9":{"line":148,"type":"if","locations":[{"start":{"line":148,"column":8},"end":{"line":148,"column":8}},{"start":{"line":148,"column":8},"end":{"line":148,"column":8}}]},"10":{"line":163,"type":"if","locations":[{"start":{"line":163,"column":12},"end":{"line":163,"column":12}},{"start":{"line":163,"column":12},"end":{"line":163,"column":12}}]},"11":{"line":203,"type":"if","locations":[{"start":{"line":203,"column":8},"end":{"line":203,"column":8}},{"start":{"line":203,"column":8},"end":{"line":203,"column":8}}]},"12":{"line":205,"type":"if","locations":[{"start":{"line":205,"column":15},"end":{"line":205,"column":15}},{"start":{"line":205,"column":15},"end":{"line":205,"column":15}}]},"13":{"line":210,"type":"if","locations":[{"start":{"line":210,"column":15},"end":{"line":210,"column":15}},{"start":{"line":210,"column":15},"end":{"line":210,"column":15}}]},"14":{"line":215,"type":"if","locations":[{"start":{"line":215,"column":15},"end":{"line":215,"column":15}},{"start":{"line":215,"column":15},"end":{"line":215,"column":15}}]},"15":{"line":224,"type":"if","locations":[{"start":{"line":224,"column":15},"end":{"line":224,"column":15}},{"start":{"line":224,"column":15},"end":{"line":224,"column":15}}]},"16":{"line":241,"type":"if","locations":[{"start":{"line":241,"column":8},"end":{"line":241,"column":8}},{"start":{"line":241,"column":8},"end":{"line":241,"column":8}}]},"17":{"line":243,"type":"if","locations":[{"start":{"line":243,"column":15},"end":{"line":243,"column":15}},{"start":{"line":243,"column":15},"end":{"line":243,"column":15}}]},"18":{"line":245,"type":"if","locations":[{"start":{"line":245,"column":15},"end":{"line":245,"column":15}},{"start":{"line":245,"column":15},"end":{"line":245,"column":15}}]},"19":{"line":261,"type":"if","locations":[{"start":{"line":261,"column":8},"end":{"line":261,"column":8}},{"start":{"line":261,"column":8},"end":{"line":261,"column":8}}]},"20":{"line":263,"type":"if","locations":[{"start":{"line":263,"column":15},"end":{"line":263,"column":15}},{"start":{"line":263,"column":15},"end":{"line":263,"column":15}}]},"21":{"line":265,"type":"if","locations":[{"start":{"line":265,"column":15},"end":{"line":265,"column":15}},{"start":{"line":265,"column":15},"end":{"line":265,"column":15}}]},"22":{"line":267,"type":"if","locations":[{"start":{"line":267,"column":15},"end":{"line":267,"column":15}},{"start":{"line":267,"column":15},"end":{"line":267,"column":15}}]},"23":{"line":269,"type":"if","locations":[{"start":{"line":269,"column":15},"end":{"line":269,"column":15}},{"start":{"line":269,"column":15},"end":{"line":269,"column":15}}]},"24":{"line":271,"type":"if","locations":[{"start":{"line":271,"column":15},"end":{"line":271,"column":15}},{"start":{"line":271,"column":15},"end":{"line":271,"column":15}}]}}}}